This is XeTeX, Version 3.14159265-2.6-0.999992 (MiKTeX 20.7) (preloaded format=xelatex 2020.12.8)  13 AUG 2021 16:55
entering extended mode
**./paper.tex
(paper.tex
LaTeX2e <2020-02-02> patch level 5
L3 programming layer <2020-09-03> ("C:\Users\jcw\AppData\Local\Programs\MiKTeX 
2.9\tex/latex/base\article.cls"
Document Class: article 2019/12/20 v1.4l Standard LaTeX document class
("C:\Users\jcw\AppData\Local\Programs\MiKTeX 2.9\tex/latex/base\size10.clo"
File: size10.clo 2019/12/20 v1.4l Standard LaTeX file (size option)
)
\c@part=\count164
\c@section=\count165
\c@subsection=\count166
\c@subsubsection=\count167
\c@paragraph=\count168
\c@subparagraph=\count169
\c@figure=\count170
\c@table=\count171
\abovecaptionskip=\skip47
\belowcaptionskip=\skip48
\bibindent=\dimen134
)
("C:\Users\jcw\AppData\Local\Programs\MiKTeX 2.9\tex/latex/marginnote\marginnot
e.sty"
Package: marginnote 2018/08/09 v1.4b non floating margin notes for LaTeX
\c@mn@abspage=\count172
)
("C:\Users\jcw\AppData\Local\Programs\MiKTeX 2.9\tex/latex/graphics\graphicx.st
y"
Package: graphicx 2019/11/30 v1.2a Enhanced LaTeX Graphics (DPC,SPQR)
("C:\Users\jcw\AppData\Local\Programs\MiKTeX 2.9\tex/latex/graphics\keyval.sty"
Package: keyval 2014/10/28 v1.15 key=value parser (DPC)
\KV@toks@=\toks15
)
("C:\Users\jcw\AppData\Local\Programs\MiKTeX 2.9\tex/latex/graphics\graphics.st
y"
Package: graphics 2019/11/30 v1.4a Standard LaTeX Graphics (DPC,SPQR)
("C:\Users\jcw\AppData\Local\Programs\MiKTeX 2.9\tex/latex/graphics\trig.sty"
Package: trig 2016/01/03 v1.10 sin cos tan (DPC)
)
("C:\Users\jcw\AppData\Local\Programs\MiKTeX 2.9\tex/latex/graphics-cfg\graphic
s.cfg"
File: graphics.cfg 2016/06/04 v1.11 sample graphics configuration
)
Package graphics Info: Driver file: xetex.def on input line 105.

("C:\Users\jcw\AppData\Local\Programs\MiKTeX 2.9\tex/latex/graphics-def\xetex.d
ef"
File: xetex.def 2020/08/26 v5.0i Graphics/color driver for xetex
))
\Gin@req@height=\dimen135
\Gin@req@width=\dimen136
) ("C:\Users\jcw\AppData\Local\Programs\MiKTeX 2.9\tex/latex/xcolor\xcolor.sty"
Package: xcolor 2016/05/11 v2.12 LaTeX color extensions (UK)

("C:\Users\jcw\AppData\Local\Programs\MiKTeX 2.9\tex/latex/graphics-cfg\color.c
fg"
File: color.cfg 2016/01/02 v1.6 sample color configuration
)
Package xcolor Info: Driver file: xetex.def on input line 225.
Package xcolor Info: Model `cmy' substituted by `cmy0' on input line 1348.
Package xcolor Info: Model `RGB' extended on input line 1364.
Package xcolor Info: Model `HTML' substituted by `rgb' on input line 1366.
Package xcolor Info: Model `Hsb' substituted by `hsb' on input line 1367.
Package xcolor Info: Model `tHsb' substituted by `hsb' on input line 1368.
Package xcolor Info: Model `HSB' substituted by `hsb' on input line 1369.
Package xcolor Info: Model `Gray' substituted by `gray' on input line 1370.
Package xcolor Info: Model `wave' substituted by `hsb' on input line 1371.
) ("C:\Users\jcw\AppData\Local\Programs\MiKTeX 2.9\tex/latex/preprint\authblk.s
ty"
Package: authblk 2001/02/27 1.3 (PWD)
\affilsep=\skip49
\@affilsep=\skip50
\c@Maxaffil=\count173
\c@authors=\count174
\c@affil=\count175
)
("C:\Users\jcw\AppData\Local\Programs\MiKTeX 2.9\tex/latex/etoolbox\etoolbox.st
y"
Package: etoolbox 2020/08/24 v2.5j e-TeX tools for LaTeX (JAW)
\etb@tempcnta=\count176
)
("C:\Users\jcw\AppData\Local\Programs\MiKTeX 2.9\tex/latex/titlesec\titlesec.st
y"
Package: titlesec 2019/10/16 v2.13 Sectioning titles
\ttl@box=\box45
\beforetitleunit=\skip51
\aftertitleunit=\skip52
\ttl@plus=\dimen137
\ttl@minus=\dimen138
\ttl@toksa=\toks16
\titlewidth=\dimen139
\titlewidthlast=\dimen140
\titlewidthfirst=\dimen141
) ("C:\Users\jcw\AppData\Local\Programs\MiKTeX 2.9\tex/latex/tools\calc.sty"
Package: calc 2017/05/25 v4.3 Infix arithmetic (KKT,FJ)
\calc@Acount=\count177
\calc@Bcount=\count178
\calc@Adimen=\dimen142
\calc@Bdimen=\dimen143
\calc@Askip=\skip53
\calc@Bskip=\skip54
LaTeX Info: Redefining \setlength on input line 80.
LaTeX Info: Redefining \addtolength on input line 81.
\calc@Ccount=\count179
\calc@Cskip=\skip55
)
("C:\Users\jcw\AppData\Local\Programs\MiKTeX 2.9\tex/latex/pgf/frontendlayer\ti
kz.sty"
("C:\Users\jcw\AppData\Local\Programs\MiKTeX 2.9\tex/latex/pgf/basiclayer\pgf.s
ty"
("C:\Users\jcw\AppData\Local\Programs\MiKTeX 2.9\tex/latex/pgf/utilities\pgfrcs
.sty"
("C:\Users\jcw\AppData\Local\Programs\MiKTeX 2.9\tex/generic/pgf/utilities\pgfu
til-common.tex"
\pgfutil@everybye=\toks17
\pgfutil@tempdima=\dimen144
\pgfutil@tempdimb=\dimen145

("C:\Users\jcw\AppData\Local\Programs\MiKTeX 2.9\tex/generic/pgf/utilities\pgfu
til-common-lists.tex"))
("C:\Users\jcw\AppData\Local\Programs\MiKTeX 2.9\tex/generic/pgf/utilities\pgfu
til-latex.def"
\pgfutil@abb=\box46
("C:\Users\jcw\AppData\Local\Programs\MiKTeX 2.9\tex/latex/ms\everyshi.sty"
Package: everyshi 2001/05/15 v3.00 EveryShipout Package (MS)
))
("C:\Users\jcw\AppData\Local\Programs\MiKTeX 2.9\tex/generic/pgf/utilities\pgfr
cs.code.tex"
("C:\Users\jcw\AppData\Local\Programs\MiKTeX 2.9\tex/generic/pgf\pgf.revision.t
ex")
Package: pgfrcs 2020/01/08 v3.1.5b (3.1.5b)
))
Package: pgf 2020/01/08 v3.1.5b (3.1.5b)

("C:\Users\jcw\AppData\Local\Programs\MiKTeX 2.9\tex/latex/pgf/basiclayer\pgfco
re.sty"
("C:\Users\jcw\AppData\Local\Programs\MiKTeX 2.9\tex/latex/pgf/systemlayer\pgfs
ys.sty"
("C:\Users\jcw\AppData\Local\Programs\MiKTeX 2.9\tex/generic/pgf/systemlayer\pg
fsys.code.tex"
Package: pgfsys 2020/01/08 v3.1.5b (3.1.5b)

("C:\Users\jcw\AppData\Local\Programs\MiKTeX 2.9\tex/generic/pgf/utilities\pgfk
eys.code.tex"
\pgfkeys@pathtoks=\toks18
\pgfkeys@temptoks=\toks19

("C:\Users\jcw\AppData\Local\Programs\MiKTeX 2.9\tex/generic/pgf/utilities\pgfk
eysfiltered.code.tex"
\pgfkeys@tmptoks=\toks20
))
\pgf@x=\dimen146
\pgf@y=\dimen147
\pgf@xa=\dimen148
\pgf@ya=\dimen149
\pgf@xb=\dimen150
\pgf@yb=\dimen151
\pgf@xc=\dimen152
\pgf@yc=\dimen153
\pgf@xd=\dimen154
\pgf@yd=\dimen155
\w@pgf@writea=\write3
\r@pgf@reada=\read2
\c@pgf@counta=\count180
\c@pgf@countb=\count181
\c@pgf@countc=\count182
\c@pgf@countd=\count183
\t@pgf@toka=\toks21
\t@pgf@tokb=\toks22
\t@pgf@tokc=\toks23
\pgf@sys@id@count=\count184

("C:\Users\jcw\AppData\Local\Programs\MiKTeX 2.9\tex/generic/pgf/systemlayer\pg
f.cfg"
File: pgf.cfg 2020/01/08 v3.1.5b (3.1.5b)
)
Driver file for pgf: pgfsys-xetex.def

("C:\Users\jcw\AppData\Local\Programs\MiKTeX 2.9\tex/generic/pgf/systemlayer\pg
fsys-xetex.def"
File: pgfsys-xetex.def 2020/01/08 v3.1.5b (3.1.5b)

("C:\Users\jcw\AppData\Local\Programs\MiKTeX 2.9\tex/generic/pgf/systemlayer\pg
fsys-dvipdfmx.def"
File: pgfsys-dvipdfmx.def 2020/01/08 v3.1.5b (3.1.5b)

("C:\Users\jcw\AppData\Local\Programs\MiKTeX 2.9\tex/generic/pgf/systemlayer\pg
fsys-common-pdf.def"
File: pgfsys-common-pdf.def 2020/01/08 v3.1.5b (3.1.5b)
)
\pgfsys@objnum=\count185
)))
("C:\Users\jcw\AppData\Local\Programs\MiKTeX 2.9\tex/generic/pgf/systemlayer\pg
fsyssoftpath.code.tex"
File: pgfsyssoftpath.code.tex 2020/01/08 v3.1.5b (3.1.5b)
\pgfsyssoftpath@smallbuffer@items=\count186
\pgfsyssoftpath@bigbuffer@items=\count187
)
("C:\Users\jcw\AppData\Local\Programs\MiKTeX 2.9\tex/generic/pgf/systemlayer\pg
fsysprotocol.code.tex"
File: pgfsysprotocol.code.tex 2020/01/08 v3.1.5b (3.1.5b)
))
("C:\Users\jcw\AppData\Local\Programs\MiKTeX 2.9\tex/generic/pgf/basiclayer\pgf
core.code.tex"
Package: pgfcore 2020/01/08 v3.1.5b (3.1.5b)

("C:\Users\jcw\AppData\Local\Programs\MiKTeX 2.9\tex/generic/pgf/math\pgfmath.c
ode.tex"
("C:\Users\jcw\AppData\Local\Programs\MiKTeX 2.9\tex/generic/pgf/math\pgfmathca
lc.code.tex"
("C:\Users\jcw\AppData\Local\Programs\MiKTeX 2.9\tex/generic/pgf/math\pgfmathut
il.code.tex")
("C:\Users\jcw\AppData\Local\Programs\MiKTeX 2.9\tex/generic/pgf/math\pgfmathpa
rser.code.tex"
\pgfmath@dimen=\dimen156
\pgfmath@count=\count188
\pgfmath@box=\box47
\pgfmath@toks=\toks24
\pgfmath@stack@operand=\toks25
\pgfmath@stack@operation=\toks26
)
("C:\Users\jcw\AppData\Local\Programs\MiKTeX 2.9\tex/generic/pgf/math\pgfmathfu
nctions.code.tex"
("C:\Users\jcw\AppData\Local\Programs\MiKTeX 2.9\tex/generic/pgf/math\pgfmathfu
nctions.basic.code.tex")
("C:\Users\jcw\AppData\Local\Programs\MiKTeX 2.9\tex/generic/pgf/math\pgfmathfu
nctions.trigonometric.code.tex")
("C:\Users\jcw\AppData\Local\Programs\MiKTeX 2.9\tex/generic/pgf/math\pgfmathfu
nctions.random.code.tex")
("C:\Users\jcw\AppData\Local\Programs\MiKTeX 2.9\tex/generic/pgf/math\pgfmathfu
nctions.comparison.code.tex")
("C:\Users\jcw\AppData\Local\Programs\MiKTeX 2.9\tex/generic/pgf/math\pgfmathfu
nctions.base.code.tex")
("C:\Users\jcw\AppData\Local\Programs\MiKTeX 2.9\tex/generic/pgf/math\pgfmathfu
nctions.round.code.tex")
("C:\Users\jcw\AppData\Local\Programs\MiKTeX 2.9\tex/generic/pgf/math\pgfmathfu
nctions.misc.code.tex")
("C:\Users\jcw\AppData\Local\Programs\MiKTeX 2.9\tex/generic/pgf/math\pgfmathfu
nctions.integerarithmetics.code.tex")))
("C:\Users\jcw\AppData\Local\Programs\MiKTeX 2.9\tex/generic/pgf/math\pgfmathfl
oat.code.tex"
\c@pgfmathroundto@lastzeros=\count189
))
("C:\Users\jcw\AppData\Local\Programs\MiKTeX 2.9\tex/generic/pgf/math\pgfint.co
de.tex")
("C:\Users\jcw\AppData\Local\Programs\MiKTeX 2.9\tex/generic/pgf/basiclayer\pgf
corepoints.code.tex"
File: pgfcorepoints.code.tex 2020/01/08 v3.1.5b (3.1.5b)
\pgf@picminx=\dimen157
\pgf@picmaxx=\dimen158
\pgf@picminy=\dimen159
\pgf@picmaxy=\dimen160
\pgf@pathminx=\dimen161
\pgf@pathmaxx=\dimen162
\pgf@pathminy=\dimen163
\pgf@pathmaxy=\dimen164
\pgf@xx=\dimen165
\pgf@xy=\dimen166
\pgf@yx=\dimen167
\pgf@yy=\dimen168
\pgf@zx=\dimen169
\pgf@zy=\dimen170
)
("C:\Users\jcw\AppData\Local\Programs\MiKTeX 2.9\tex/generic/pgf/basiclayer\pgf
corepathconstruct.code.tex"
File: pgfcorepathconstruct.code.tex 2020/01/08 v3.1.5b (3.1.5b)
\pgf@path@lastx=\dimen171
\pgf@path@lasty=\dimen172
)
("C:\Users\jcw\AppData\Local\Programs\MiKTeX 2.9\tex/generic/pgf/basiclayer\pgf
corepathusage.code.tex"
File: pgfcorepathusage.code.tex 2020/01/08 v3.1.5b (3.1.5b)
\pgf@shorten@end@additional=\dimen173
\pgf@shorten@start@additional=\dimen174
)
("C:\Users\jcw\AppData\Local\Programs\MiKTeX 2.9\tex/generic/pgf/basiclayer\pgf
corescopes.code.tex"
File: pgfcorescopes.code.tex 2020/01/08 v3.1.5b (3.1.5b)
\pgfpic=\box48
\pgf@hbox=\box49
\pgf@layerbox@main=\box50
\pgf@picture@serial@count=\count190
)
("C:\Users\jcw\AppData\Local\Programs\MiKTeX 2.9\tex/generic/pgf/basiclayer\pgf
coregraphicstate.code.tex"
File: pgfcoregraphicstate.code.tex 2020/01/08 v3.1.5b (3.1.5b)
\pgflinewidth=\dimen175
)
("C:\Users\jcw\AppData\Local\Programs\MiKTeX 2.9\tex/generic/pgf/basiclayer\pgf
coretransformations.code.tex"
File: pgfcoretransformations.code.tex 2020/01/08 v3.1.5b (3.1.5b)
\pgf@pt@x=\dimen176
\pgf@pt@y=\dimen177
\pgf@pt@temp=\dimen178
)
("C:\Users\jcw\AppData\Local\Programs\MiKTeX 2.9\tex/generic/pgf/basiclayer\pgf
corequick.code.tex"
File: pgfcorequick.code.tex 2020/01/08 v3.1.5b (3.1.5b)
)
("C:\Users\jcw\AppData\Local\Programs\MiKTeX 2.9\tex/generic/pgf/basiclayer\pgf
coreobjects.code.tex"
File: pgfcoreobjects.code.tex 2020/01/08 v3.1.5b (3.1.5b)
)
("C:\Users\jcw\AppData\Local\Programs\MiKTeX 2.9\tex/generic/pgf/basiclayer\pgf
corepathprocessing.code.tex"
File: pgfcorepathprocessing.code.tex 2020/01/08 v3.1.5b (3.1.5b)
)
("C:\Users\jcw\AppData\Local\Programs\MiKTeX 2.9\tex/generic/pgf/basiclayer\pgf
corearrows.code.tex"
File: pgfcorearrows.code.tex 2020/01/08 v3.1.5b (3.1.5b)
\pgfarrowsep=\dimen179
)
("C:\Users\jcw\AppData\Local\Programs\MiKTeX 2.9\tex/generic/pgf/basiclayer\pgf
coreshade.code.tex"
File: pgfcoreshade.code.tex 2020/01/08 v3.1.5b (3.1.5b)
\pgf@max=\dimen180
\pgf@sys@shading@range@num=\count191
\pgf@shadingcount=\count192
)
("C:\Users\jcw\AppData\Local\Programs\MiKTeX 2.9\tex/generic/pgf/basiclayer\pgf
coreimage.code.tex"
File: pgfcoreimage.code.tex 2020/01/08 v3.1.5b (3.1.5b)

("C:\Users\jcw\AppData\Local\Programs\MiKTeX 2.9\tex/generic/pgf/basiclayer\pgf
coreexternal.code.tex"
File: pgfcoreexternal.code.tex 2020/01/08 v3.1.5b (3.1.5b)
\pgfexternal@startupbox=\box51
))
("C:\Users\jcw\AppData\Local\Programs\MiKTeX 2.9\tex/generic/pgf/basiclayer\pgf
corelayers.code.tex"
File: pgfcorelayers.code.tex 2020/01/08 v3.1.5b (3.1.5b)
)
("C:\Users\jcw\AppData\Local\Programs\MiKTeX 2.9\tex/generic/pgf/basiclayer\pgf
coretransparency.code.tex"
File: pgfcoretransparency.code.tex 2020/01/08 v3.1.5b (3.1.5b)
)
("C:\Users\jcw\AppData\Local\Programs\MiKTeX 2.9\tex/generic/pgf/basiclayer\pgf
corepatterns.code.tex"
File: pgfcorepatterns.code.tex 2020/01/08 v3.1.5b (3.1.5b)
)
("C:\Users\jcw\AppData\Local\Programs\MiKTeX 2.9\tex/generic/pgf/basiclayer\pgf
corerdf.code.tex"
File: pgfcorerdf.code.tex 2020/01/08 v3.1.5b (3.1.5b)
)))
("C:\Users\jcw\AppData\Local\Programs\MiKTeX 2.9\tex/generic/pgf/modules\pgfmod
uleshapes.code.tex"
File: pgfmoduleshapes.code.tex 2020/01/08 v3.1.5b (3.1.5b)
\pgfnodeparttextbox=\box52
)
("C:\Users\jcw\AppData\Local\Programs\MiKTeX 2.9\tex/generic/pgf/modules\pgfmod
uleplot.code.tex"
File: pgfmoduleplot.code.tex 2020/01/08 v3.1.5b (3.1.5b)
)
("C:\Users\jcw\AppData\Local\Programs\MiKTeX 2.9\tex/latex/pgf/compatibility\pg
fcomp-version-0-65.sty"
Package: pgfcomp-version-0-65 2020/01/08 v3.1.5b (3.1.5b)
\pgf@nodesepstart=\dimen181
\pgf@nodesepend=\dimen182
)
("C:\Users\jcw\AppData\Local\Programs\MiKTeX 2.9\tex/latex/pgf/compatibility\pg
fcomp-version-1-18.sty"
Package: pgfcomp-version-1-18 2020/01/08 v3.1.5b (3.1.5b)
))
("C:\Users\jcw\AppData\Local\Programs\MiKTeX 2.9\tex/latex/pgf/utilities\pgffor
.sty"
("C:\Users\jcw\AppData\Local\Programs\MiKTeX 2.9\tex/latex/pgf/utilities\pgfkey
s.sty"
("C:\Users\jcw\AppData\Local\Programs\MiKTeX 2.9\tex/generic/pgf/utilities\pgfk
eys.code.tex")) ("C:\Users\jcw\AppData\Local\Programs\MiKTeX 2.9\tex/latex/pgf/
math\pgfmath.sty"
("C:\Users\jcw\AppData\Local\Programs\MiKTeX 2.9\tex/generic/pgf/math\pgfmath.c
ode.tex"))
("C:\Users\jcw\AppData\Local\Programs\MiKTeX 2.9\tex/generic/pgf/utilities\pgff
or.code.tex"
Package: pgffor 2020/01/08 v3.1.5b (3.1.5b)

("C:\Users\jcw\AppData\Local\Programs\MiKTeX 2.9\tex/generic/pgf/math\pgfmath.c
ode.tex")
\pgffor@iter=\dimen183
\pgffor@skip=\dimen184
\pgffor@stack=\toks27
\pgffor@toks=\toks28
))
("C:\Users\jcw\AppData\Local\Programs\MiKTeX 2.9\tex/generic/pgf/frontendlayer/
tikz\tikz.code.tex"
Package: tikz 2020/01/08 v3.1.5b (3.1.5b)

("C:\Users\jcw\AppData\Local\Programs\MiKTeX 2.9\tex/generic/pgf/libraries\pgfl
ibraryplothandlers.code.tex"
File: pgflibraryplothandlers.code.tex 2020/01/08 v3.1.5b (3.1.5b)
\pgf@plot@mark@count=\count193
\pgfplotmarksize=\dimen185
)
\tikz@lastx=\dimen186
\tikz@lasty=\dimen187
\tikz@lastxsaved=\dimen188
\tikz@lastysaved=\dimen189
\tikz@lastmovetox=\dimen190
\tikz@lastmovetoy=\dimen191
\tikzleveldistance=\dimen192
\tikzsiblingdistance=\dimen193
\tikz@figbox=\box53
\tikz@figbox@bg=\box54
\tikz@tempbox=\box55
\tikz@tempbox@bg=\box56
\tikztreelevel=\count194
\tikznumberofchildren=\count195
\tikznumberofcurrentchild=\count196
\tikz@fig@count=\count197

("C:\Users\jcw\AppData\Local\Programs\MiKTeX 2.9\tex/generic/pgf/modules\pgfmod
ulematrix.code.tex"
File: pgfmodulematrix.code.tex 2020/01/08 v3.1.5b (3.1.5b)
\pgfmatrixcurrentrow=\count198
\pgfmatrixcurrentcolumn=\count199
\pgf@matrix@numberofcolumns=\count266
)
\tikz@expandcount=\count267

("C:\Users\jcw\AppData\Local\Programs\MiKTeX 2.9\tex/generic/pgf/frontendlayer/
tikz/libraries\tikzlibrarytopaths.code.tex"
File: tikzlibrarytopaths.code.tex 2020/01/08 v3.1.5b (3.1.5b)
)))
("C:\Users\jcw\AppData\Local\Programs\MiKTeX 2.9\tex/latex/hyperref\hyperref.st
y"
Package: hyperref 2020-05-15 v7.00e Hypertext links for LaTeX

("C:\Users\jcw\AppData\Local\Programs\MiKTeX 2.9\tex/generic/ltxcmds\ltxcmds.st
y"
Package: ltxcmds 2019/12/15 v1.24 LaTeX kernel commands for general use (HO)
) ("C:\Users\jcw\AppData\Local\Programs\MiKTeX 2.9\tex/generic/iftex\iftex.sty"
Package: iftex 2020/03/06 v1.0d TeX engine tests
)
("C:\Users\jcw\AppData\Local\Programs\MiKTeX 2.9\tex/generic/pdftexcmds\pdftexc
mds.sty"
Package: pdftexcmds 2020-06-27 v0.33 Utility functions of pdfTeX for LuaTeX (HO
)

("C:\Users\jcw\AppData\Local\Programs\MiKTeX 2.9\tex/generic/infwarerr\infwarer
r.sty"
Package: infwarerr 2019/12/03 v1.5 Providing info/warning/error messages (HO)
)
Package pdftexcmds Info: \pdf@primitive is available.
Package pdftexcmds Info: \pdf@ifprimitive is available.
Package pdftexcmds Info: \pdfdraftmode not found.
)
("C:\Users\jcw\AppData\Local\Programs\MiKTeX 2.9\tex/generic/kvsetkeys\kvsetkey
s.sty"
Package: kvsetkeys 2019/12/15 v1.18 Key value parser (HO)
)
("C:\Users\jcw\AppData\Local\Programs\MiKTeX 2.9\tex/generic/kvdefinekeys\kvdef
inekeys.sty"
Package: kvdefinekeys 2019-12-19 v1.6 Define keys (HO)
)
("C:\Users\jcw\AppData\Local\Programs\MiKTeX 2.9\tex/generic/pdfescape\pdfescap
e.sty"
Package: pdfescape 2019/12/09 v1.15 Implements pdfTeX's escape features (HO)
) ("C:\Users\jcw\AppData\Local\Programs\MiKTeX 2.9\tex/latex/hycolor\hycolor.st
y"
Package: hycolor 2020-01-27 v1.10 Color options for hyperref/bookmark (HO)
)
("C:\Users\jcw\AppData\Local\Programs\MiKTeX 2.9\tex/latex/letltxmacro\letltxma
cro.sty"
Package: letltxmacro 2019/12/03 v1.6 Let assignment for LaTeX macros (HO)
) ("C:\Users\jcw\AppData\Local\Programs\MiKTeX 2.9\tex/latex/auxhook\auxhook.st
y"
Package: auxhook 2019-12-17 v1.6 Hooks for auxiliary files (HO)
)
("C:\Users\jcw\AppData\Local\Programs\MiKTeX 2.9\tex/latex/kvoptions\kvoptions.
sty"
Package: kvoptions 2019/11/29 v3.13 Key value format for package options (HO)
)
\@linkdim=\dimen194
\Hy@linkcounter=\count268
\Hy@pagecounter=\count269
("C:\Users\jcw\AppData\Local\Programs\MiKTeX 2.9\tex/latex/hyperref\pd1enc.def"
File: pd1enc.def 2020-05-15 v7.00e Hyperref: PDFDocEncoding definition (HO)
)
("C:\Users\jcw\AppData\Local\Programs\MiKTeX 2.9\tex/generic/intcalc\intcalc.st
y"
Package: intcalc 2019/12/15 v1.3 Expandable calculations with integers (HO)
)
("C:\Users\jcw\AppData\Local\Programs\MiKTeX 2.9\tex/generic/etexcmds\etexcmds.
sty"
Package: etexcmds 2019/12/15 v1.7 Avoid name clashes with e-TeX commands (HO)
)
\Hy@SavedSpaceFactor=\count270
Package hyperref Info: Hyper figures OFF on input line 4464.
Package hyperref Info: Link nesting OFF on input line 4469.
Package hyperref Info: Hyper index ON on input line 4472.
Package hyperref Info: Plain pages OFF on input line 4479.
Package hyperref Info: Backreferencing OFF on input line 4484.
Package hyperref Info: Implicit mode ON; LaTeX internals redefined.
Package hyperref Info: Bookmarks ON on input line 4717.
\c@Hy@tempcnt=\count271
("C:\Users\jcw\AppData\Local\Programs\MiKTeX 2.9\tex/latex/url\url.sty"
\Urlmuskip=\muskip16
Package: url 2013/09/16  ver 3.4  Verb mode for urls, etc.
)
LaTeX Info: Redefining \url on input line 5076.
\XeTeXLinkMargin=\dimen195
("C:\Users\jcw\AppData\Local\Programs\MiKTeX 2.9\tex/generic/bitset\bitset.sty"
Package: bitset 2019/12/09 v1.3 Handle bit-vector datatype (HO)

("C:\Users\jcw\AppData\Local\Programs\MiKTeX 2.9\tex/generic/bigintcalc\bigintc
alc.sty"
Package: bigintcalc 2019/12/15 v1.5 Expandable calculations on big integers (HO
)
))
\Fld@menulength=\count272
\Field@Width=\dimen196
\Fld@charsize=\dimen197
Package hyperref Info: Hyper figures OFF on input line 6347.
Package hyperref Info: Link nesting OFF on input line 6352.
Package hyperref Info: Hyper index ON on input line 6355.
Package hyperref Info: backreferencing OFF on input line 6362.
Package hyperref Info: Link coloring OFF on input line 6367.
Package hyperref Info: Link coloring with OCG OFF on input line 6372.
Package hyperref Info: PDF/A mode OFF on input line 6377.
LaTeX Info: Redefining \ref on input line 6417.
LaTeX Info: Redefining \pageref on input line 6421.

("C:\Users\jcw\AppData\Local\Programs\MiKTeX 2.9\tex/generic/atbegshi\atbegshi.
sty"
Package: atbegshi 2019/12/05 v1.19 At begin shipout hook (HO)
)
\Hy@abspage=\count273
\c@Item=\count274
\c@Hfootnote=\count275
)
Package hyperref Info: Driver (autodetected): hxetex.
("C:\Users\jcw\AppData\Local\Programs\MiKTeX 2.9\tex/latex/hyperref\hxetex.def"
File: hxetex.def 2020-05-15 v7.00e Hyperref driver for XeTeX
("C:\Users\jcw\AppData\Local\Programs\MiKTeX 2.9\tex/latex/hyperref\puenc.def"
File: puenc.def 2020-05-15 v7.00e Hyperref: PDF Unicode definition (HO)
)
("C:\Users\jcw\AppData\Local\Programs\MiKTeX 2.9\tex/generic/stringenc\stringen
c.sty"
Package: stringenc 2019/11/29 v1.12 Convert strings between diff. encodings (HO
)
)
\pdfm@box=\box57
\c@Hy@AnnotLevel=\count276
\HyField@AnnotCount=\count277
\Fld@listcount=\count278
\c@bookmark@seq@number=\count279

("C:\Users\jcw\AppData\Local\Programs\MiKTeX 2.9\tex/latex/rerunfilecheck\rerun
filecheck.sty"
Package: rerunfilecheck 2019/12/05 v1.9 Rerun checks for auxiliary files (HO)

("C:\Users\jcw\AppData\Local\Programs\MiKTeX 2.9\tex/latex/atveryend\atveryend.
sty"
Package: atveryend 2019-12-11 v1.11 Hooks at the very end of document (HO)
)
("C:\Users\jcw\AppData\Local\Programs\MiKTeX 2.9\tex/generic/uniquecounter\uniq
uecounter.sty"
Package: uniquecounter 2019/12/15 v1.4 Provide unlimited unique counter (HO)
)
Package uniquecounter Info: New unique counter `rerunfilecheck' on input line 2
86.
)
\Hy@SectionHShift=\skip56
)
Package hyperref Info: Option `colorlinks' set `true' on input line 12.
Package hyperref Info: Option `breaklinks' set `true' on input line 12.
("C:\Users\jcw\AppData\Local\Programs\MiKTeX 2.9\tex/latex/caption\caption.sty"
Package: caption 2020/09/02 v3.5a Customizing captions (AR)
("C:\Users\jcw\AppData\Local\Programs\MiKTeX 2.9\tex/latex/caption\caption3.sty
"
Package: caption3 2020/08/30 v2.0 caption3 kernel (AR)
\captionmargin=\dimen198
\captionmargin@=\dimen199
\captionwidth=\dimen256
\caption@tempdima=\dimen257
\caption@indent=\dimen258
\caption@parindent=\dimen259
\caption@hangindent=\dimen260
Package caption Info: Standard document class detected.
)
\c@caption@flags=\count280
\c@continuedfloat=\count281
Package caption Info: hyperref package is loaded.
)
("C:\Users\jcw\AppData\Local\Programs\MiKTeX 2.9\tex/latex/tcolorbox\tcolorbox.
sty"
Package: tcolorbox 2020/10/09 version 4.42 text color boxes
("C:\Users\jcw\AppData\Local\Programs\MiKTeX 2.9\tex/latex/tools\verbatim.sty"
Package: verbatim 2019/11/10 v1.5r LaTeX2e package for verbatim enhancements
\every@verbatim=\toks29
\verbatim@line=\toks30
\verbatim@in@stream=\read3
) ("C:\Users\jcw\AppData\Local\Programs\MiKTeX 2.9\tex/latex/environ\environ.st
y"
Package: environ 2014/05/04 v0.3 A new way to define environments

("C:\Users\jcw\AppData\Local\Programs\MiKTeX 2.9\tex/latex/trimspaces\trimspace
s.sty"
Package: trimspaces 2009/09/17 v1.1 Trim spaces around a token list
)
\@envbody=\toks31
)
\tcb@titlebox=\box58
\tcb@upperbox=\box59
\tcb@lowerbox=\box60
\tcb@phantombox=\box61
\c@tcbbreakpart=\count282
\c@tcblayer=\count283
\c@tcolorbox@number=\count284
\tcb@temp=\box62
\tcb@temp=\box63
\tcb@temp=\box64
\tcb@temp=\box65
\tcb@out=\write4
\tcb@record@out=\write5
) ("C:\Users\jcw\AppData\Local\Programs\MiKTeX 2.9\tex/latex/amsfonts\amssymb.s
ty"
Package: amssymb 2013/01/14 v3.01 AMS font symbols

("C:\Users\jcw\AppData\Local\Programs\MiKTeX 2.9\tex/latex/amsfonts\amsfonts.st
y"
Package: amsfonts 2013/01/14 v3.01 Basic AMSFonts support
\@emptytoks=\toks32
\symAMSa=\mathgroup4
\symAMSb=\mathgroup5
LaTeX Font Info:    Redeclaring math symbol \hbar on input line 98.
LaTeX Font Info:    Overwriting math alphabet `\mathfrak' in version `bold'
(Font)                  U/euf/m/n --> U/euf/b/n on input line 106.
)) ("C:\Users\jcw\AppData\Local\Programs\MiKTeX 2.9\tex/latex/amsmath\amsmath.s
ty"
Package: amsmath 2020/01/20 v2.17e AMS math features
\@mathmargin=\skip57
For additional information on amsmath, use the `?' option.
("C:\Users\jcw\AppData\Local\Programs\MiKTeX 2.9\tex/latex/amsmath\amstext.sty"
Package: amstext 2000/06/29 v2.01 AMS text
("C:\Users\jcw\AppData\Local\Programs\MiKTeX 2.9\tex/latex/amsmath\amsgen.sty"
File: amsgen.sty 1999/11/30 v2.0 generic functions
\@emptytoks=\toks33
\ex@=\dimen261
)) ("C:\Users\jcw\AppData\Local\Programs\MiKTeX 2.9\tex/latex/amsmath\amsbsy.st
y"
Package: amsbsy 1999/11/29 v1.2d Bold Symbols
\pmbraise@=\dimen262
) ("C:\Users\jcw\AppData\Local\Programs\MiKTeX 2.9\tex/latex/amsmath\amsopn.sty
"
Package: amsopn 2016/03/08 v2.02 operator names
)
\inf@bad=\count285
LaTeX Info: Redefining \frac on input line 227.
\uproot@=\count286
\leftroot@=\count287
LaTeX Info: Redefining \overline on input line 389.
\classnum@=\count288
\DOTSCASE@=\count289
LaTeX Info: Redefining \ldots on input line 486.
LaTeX Info: Redefining \dots on input line 489.
LaTeX Info: Redefining \cdots on input line 610.
\Mathstrutbox@=\box66
\strutbox@=\box67
\big@size=\dimen263
LaTeX Font Info:    Redeclaring font encoding OML on input line 733.
LaTeX Font Info:    Redeclaring font encoding OMS on input line 734.
\macc@depth=\count290
\c@MaxMatrixCols=\count291
\dotsspace@=\muskip17
\c@parentequation=\count292
\dspbrk@lvl=\count293
\tag@help=\toks34
\row@=\count294
\column@=\count295
\maxfields@=\count296
\andhelp@=\toks35
\eqnshift@=\dimen264
\alignsep@=\dimen265
\tagshift@=\dimen266
\tagwidth@=\dimen267
\totwidth@=\dimen268
\lineht@=\dimen269
\@envbody=\toks36
\multlinegap=\skip58
\multlinetaggap=\skip59
\mathdisplay@stack=\toks37
LaTeX Info: Redefining \[ on input line 2859.
LaTeX Info: Redefining \] on input line 2860.
) ("C:\Users\jcw\AppData\Local\Programs\MiKTeX 2.9\tex/generic/iftex\ifxetex.st
y"
Package: ifxetex 2019/10/25 v0.7 ifxetex legacy package. Use iftex instead.
) ("C:\Users\jcw\AppData\Local\Programs\MiKTeX 2.9\tex/generic/iftex\ifluatex.s
ty"
Package: ifluatex 2019/10/25 v1.5 ifluatex legacy package. Use iftex instead.
)
("C:\Users\jcw\AppData\Local\Programs\MiKTeX 2.9\tex/latex/seqsplit\seqsplit.st
y"
Package: seqsplit 2006/08/07 v0.1 Splitting long sequences (DNA, RNA, proteins,
 etc.) 
) ("C:\Users\jcw\AppData\Local\Programs\MiKTeX 2.9\tex/latex/base\fixltx2e.sty"
Package: fixltx2e 2016/12/29 v2.1a fixes to LaTeX (obsolete)
Applying: [2015/01/01] Old fixltx2e package on input line 46.

Package fixltx2e Warning: fixltx2e is not required with releases after 2015
(fixltx2e)                All fixes are now in the LaTeX kernel.
(fixltx2e)                See the latexrelease package for details.

Already applied: [0000/00/00] Old fixltx2e package on input line 53.
)
("C:\Users\jcw\AppData\Local\Programs\MiKTeX 2.9\tex/latex/biblatex\biblatex.st
y"
Package: biblatex 2020/08/23 v3.15a programmable bibliographies (PK/MW)
("C:\Users\jcw\AppData\Local\Programs\MiKTeX 2.9\tex/latex/logreq\logreq.sty"
Package: logreq 2010/08/04 v1.0 xml request logger
\lrq@indent=\count297
("C:\Users\jcw\AppData\Local\Programs\MiKTeX 2.9\tex/latex/logreq\logreq.def"
File: logreq.def 2010/08/04 v1.0 logreq spec v1.0
)) ("C:\Users\jcw\AppData\Local\Programs\MiKTeX 2.9\tex/latex/base\ifthen.sty"
Package: ifthen 2014/09/29 v1.1c Standard LaTeX ifthen package (DPC)
)
\c@tabx@nest=\count298
\c@listtotal=\count299
\c@listcount=\count300
\c@liststart=\count301
\c@liststop=\count302
\c@citecount=\count303
\c@citetotal=\count304
\c@multicitecount=\count305
\c@multicitetotal=\count306
\c@instcount=\count307
\c@maxnames=\count308
\c@minnames=\count309
\c@maxitems=\count310
\c@minitems=\count311
\c@citecounter=\count312
\c@maxcitecounter=\count313
\c@savedcitecounter=\count314
\c@uniquelist=\count315
\c@uniquename=\count316
\c@refsection=\count317
\c@refsegment=\count318
\c@maxextratitle=\count319
\c@maxextratitleyear=\count320
\c@maxextraname=\count321
\c@maxextradate=\count322
\c@maxextraalpha=\count323
\c@abbrvpenalty=\count324
\c@highnamepenalty=\count325
\c@lownamepenalty=\count326
\c@maxparens=\count327
\c@parenlevel=\count328
\blx@tempcnta=\count329
\blx@tempcntb=\count330
\blx@tempcntc=\count331
\blx@maxsection=\count332
\blx@maxsegment@0=\count333
\blx@notetype=\count334
\blx@parenlevel@text=\count335
\blx@parenlevel@foot=\count336
\blx@sectionciteorder@0=\count337
\blx@entrysetcounter=\count338
\blx@biblioinstance=\count339
\labelnumberwidth=\skip60
\labelalphawidth=\skip61
\biblabelsep=\skip62
\bibitemsep=\skip63
\bibnamesep=\skip64
\bibinitsep=\skip65
\bibparsep=\skip66
\bibhang=\skip67
\blx@bcfin=\read4
\blx@bcfout=\write6
\blx@langwohyphens=\language83
\c@mincomprange=\count340
\c@maxcomprange=\count341
\c@mincompwidth=\count342
Package biblatex Info: Trying to load biblatex default data model...
Package biblatex Info: ... file 'blx-dm.def' found.
("C:\Users\jcw\AppData\Local\Programs\MiKTeX 2.9\tex/latex/biblatex\blx-dm.def"
File: blx-dm.def 2020/08/23 v3.15a biblatex localization (PK/MW)
)
Package biblatex Info: Trying to load biblatex custom data model...
Package biblatex Info: ... file 'biblatex-dm.cfg' not found.
\c@afterword=\count343
\c@savedafterword=\count344
\c@annotator=\count345
\c@savedannotator=\count346
\c@author=\count347
\c@savedauthor=\count348
\c@bookauthor=\count349
\c@savedbookauthor=\count350
\c@commentator=\count351
\c@savedcommentator=\count352
\c@editor=\count353
\c@savededitor=\count354
\c@editora=\count355
\c@savededitora=\count356
\c@editorb=\count357
\c@savededitorb=\count358
\c@editorc=\count359
\c@savededitorc=\count360
\c@foreword=\count361
\c@savedforeword=\count362
\c@holder=\count363
\c@savedholder=\count364
\c@introduction=\count365
\c@savedintroduction=\count366
\c@namea=\count367
\c@savednamea=\count368
\c@nameb=\count369
\c@savednameb=\count370
\c@namec=\count371
\c@savednamec=\count372
\c@translator=\count373
\c@savedtranslator=\count374
\c@shortauthor=\count375
\c@savedshortauthor=\count376
\c@shorteditor=\count377
\c@savedshorteditor=\count378
\c@labelname=\count379
\c@savedlabelname=\count380
\c@institution=\count381
\c@savedinstitution=\count382
\c@lista=\count383
\c@savedlista=\count384
\c@listb=\count385
\c@savedlistb=\count386
\c@listc=\count387
\c@savedlistc=\count388
\c@listd=\count389
\c@savedlistd=\count390
\c@liste=\count391
\c@savedliste=\count392
\c@listf=\count393
\c@savedlistf=\count394
\c@location=\count395
\c@savedlocation=\count396
\c@organization=\count397
\c@savedorganization=\count398
\c@origlocation=\count399
\c@savedoriglocation=\count400
\c@origpublisher=\count401
\c@savedorigpublisher=\count402
\c@publisher=\count403
\c@savedpublisher=\count404
\c@language=\count405
\c@savedlanguage=\count406
\c@origlanguage=\count407
\c@savedoriglanguage=\count408
\c@pageref=\count409
\c@savedpageref=\count410
\shorthandwidth=\skip68
\shortjournalwidth=\skip69
\shortserieswidth=\skip70
\shorttitlewidth=\skip71
\shortauthorwidth=\skip72
\shorteditorwidth=\skip73
\locallabelnumberwidth=\skip74
\locallabelalphawidth=\skip75
\localshorthandwidth=\skip76
\localshortjournalwidth=\skip77
\localshortserieswidth=\skip78
\localshorttitlewidth=\skip79
\localshortauthorwidth=\skip80
\localshorteditorwidth=\skip81
Package biblatex Info: Trying to load enhanced support for Unicode engines...
Package biblatex Info: ... file 'blx-unicode.def' found.

("C:\Users\jcw\AppData\Local\Programs\MiKTeX 2.9\tex/latex/biblatex\blx-unicode
.def")
Package biblatex Info: Trying to load compatibility code...
Package biblatex Info: ... file 'blx-compat.def' found.

("C:\Users\jcw\AppData\Local\Programs\MiKTeX 2.9\tex/latex/biblatex\blx-compat.
def"
File: blx-compat.def 2020/08/23 v3.15a biblatex compatibility (PK/MW)
) ("C:\Users\jcw\AppData\Local\Programs\MiKTeX 2.9\tex/latex/l3kernel\expl3.sty
"
Package: expl3 2020-09-03 L3 programming layer (loader) 

("C:\Users\jcw\AppData\Local\Programs\MiKTeX 2.9\tex/latex/l3backend\l3backend-
xetex.def"
File: l3backend-xetex.def 2020-09-01 L3 backend support: XeTeX
\g__graphics_track_int=\count411
\l__pdf_internal_box=\box68
\g__pdf_backend_object_int=\count412
\g__pdf_backend_annotation_int=\count413
))
Package biblatex Info: expl3
(biblatex)             2020-09-03 L3 programming layer (loader) 
(biblatex)             is new enough (at least 2020/04/06),
(biblatex)             setting 'casechanger=expl3'.
Package biblatex Info: Trying to load expl3 case changing code...
Package biblatex Info: ... file 'blx-case-expl3.def' found.

("C:\Users\jcw\AppData\Local\Programs\MiKTeX 2.9\tex/latex/biblatex\blx-case-ex
pl3.def"
("C:\Users\jcw\AppData\Local\Programs\MiKTeX 2.9\tex/latex/l3packages/xparse\xp
arse.sty"
Package: xparse 2020-05-15 L3 Experimental document command parser

("C:\Users\jcw\AppData\Local\Programs\MiKTeX 2.9\tex/latex/l3packages/xparse\xp
arse-generic.tex"
\l__xparse_current_arg_int=\count414
\g__xparse_grabber_int=\count415
\l__xparse_m_args_int=\count416
\l__xparse_v_nesting_int=\count417
))
File: blx-case-expl3 2020/08/23 v3.15a expl3 case changing code for biblatex
)
Package biblatex Info: Trying to load generic definitions...
Package biblatex Info: ... file 'biblatex.def' found.

("C:\Users\jcw\AppData\Local\Programs\MiKTeX 2.9\tex/latex/biblatex\biblatex.de
f"
File: biblatex.def 2020/08/23 v3.15a biblatex compatibility (PK/MW)
\c@textcitecount=\count418
\c@textcitetotal=\count419
\c@textcitemaxnames=\count420
\c@biburlbigbreakpenalty=\count421
\c@biburlbreakpenalty=\count422
\c@biburlnumpenalty=\count423
\c@biburlucpenalty=\count424
\c@biburllcpenalty=\count425
\biburlbigskip=\muskip18
\biburlnumskip=\muskip19
\biburlucskip=\muskip20
\biburllcskip=\muskip21
\c@smartand=\count426
)
Package biblatex Info: Trying to load bibliography style 'numeric'...
Package biblatex Info: ... file 'numeric.bbx' found.

("C:\Users\jcw\AppData\Local\Programs\MiKTeX 2.9\tex/latex/biblatex/bbx\numeric
.bbx"
File: numeric.bbx 2020/08/23 v3.15a biblatex bibliography style (PK/MW)
Package biblatex Info: Trying to load bibliography style 'standard'...
Package biblatex Info: ... file 'standard.bbx' found.

("C:\Users\jcw\AppData\Local\Programs\MiKTeX 2.9\tex/latex/biblatex/bbx\standar
d.bbx"
File: standard.bbx 2020/08/23 v3.15a biblatex bibliography style (PK/MW)
\c@bbx:relatedcount=\count427
\c@bbx:relatedtotal=\count428
))
Package biblatex Info: Trying to load citation style 'numeric'...
Package biblatex Info: ... file 'numeric.cbx' found.

("C:\Users\jcw\AppData\Local\Programs\MiKTeX 2.9\tex/latex/biblatex/cbx\numeric
.cbx"
File: numeric.cbx 2020/08/23 v3.15a biblatex citation style (PK/MW)
Package biblatex Info: Redefining '\cite'.
Package biblatex Info: Redefining '\parencite'.
Package biblatex Info: Redefining '\footcite'.
Package biblatex Info: Redefining '\footcitetext'.
Package biblatex Info: Redefining '\smartcite'.
Package biblatex Info: Redefining '\supercite'.
Package biblatex Info: Redefining '\textcite'.
Package biblatex Info: Redefining '\textcites'.
Package biblatex Info: Redefining '\cites'.
Package biblatex Info: Redefining '\parencites'.
Package biblatex Info: Redefining '\smartcites'.
)
Package biblatex Info: Trying to load configuration file...
Package biblatex Info: ... file 'biblatex.cfg' found.

("C:\Users\jcw\AppData\Local\Programs\MiKTeX 2.9\tex/latex/biblatex\biblatex.cf
g"
File: biblatex.cfg 
))
("C:\Users\jcw\AppData\Local\Programs\MiKTeX 2.9\tex/latex/geometry\geometry.st
y"
Package: geometry 2020/01/02 v5.9 Page Geometry
("C:\Users\jcw\AppData\Local\Programs\MiKTeX 2.9\tex/generic/iftex\ifvtex.sty"
Package: ifvtex 2019/10/25 v1.7 ifvtex legacy package. Use iftex instead.
)
\Gm@cnth=\count429
\Gm@cntv=\count430
\c@Gm@tempcnt=\count431
\Gm@bindingoffset=\dimen270
\Gm@wd@mp=\dimen271
\Gm@odd@mp=\dimen272
\Gm@even@mp=\dimen273
\Gm@layoutwidth=\dimen274
\Gm@layoutheight=\dimen275
\Gm@layouthoffset=\dimen276
\Gm@layoutvoffset=\dimen277
\Gm@dimlist=\toks38

("C:\Users\jcw\AppData\Local\Programs\MiKTeX 2.9\tex/xelatex/xetexconfig\geomet
ry.cfg"))
("C:\Users\jcw\AppData\Local\Programs\MiKTeX 2.9\tex/latex/fancyhdr\fancyhdr.st
y"
Package: fancyhdr 2019/01/31 v3.10 Extensive control of page headers and footer
s
\f@nch@headwidth=\skip82
\f@nch@O@elh=\skip83
\f@nch@O@erh=\skip84
\f@nch@O@olh=\skip85
\f@nch@O@orh=\skip86
\f@nch@O@elf=\skip87
\f@nch@O@erf=\skip88
\f@nch@O@olf=\skip89
\f@nch@O@orf=\skip90
)
("C:\Users\jcw\AppData\Local\Programs\MiKTeX 2.9\tex/xelatex/mathspec\mathspec.
sty"
Package: mathspec 2016/12/22 v0.2b LaTeX Package (Mathematics font selection fo
r XeLaTeX)

("C:\Users\jcw\AppData\Local\Programs\MiKTeX 2.9\tex/latex/fontspec\fontspec.st
y"
Package: fontspec 2020/02/21 v2.7i Font selection for XeLaTeX and LuaLaTeX

("C:\Users\jcw\AppData\Local\Programs\MiKTeX 2.9\tex/latex/fontspec\fontspec-xe
tex.sty"
Package: fontspec-xetex 2020/02/21 v2.7i Font selection for XeLaTeX and LuaLaTe
X
\l__fontspec_script_int=\count432
\l__fontspec_language_int=\count433
\l__fontspec_strnum_int=\count434
\l__fontspec_tmp_int=\count435
\l__fontspec_tmpa_int=\count436
\l__fontspec_tmpb_int=\count437
\l__fontspec_tmpc_int=\count438
\l__fontspec_em_int=\count439
\l__fontspec_emdef_int=\count440
\l__fontspec_strong_int=\count441
\l__fontspec_strongdef_int=\count442
\l__fontspec_tmpa_dim=\dimen278
\l__fontspec_tmpb_dim=\dimen279
\l__fontspec_tmpc_dim=\dimen280
("C:\Users\jcw\AppData\Local\Programs\MiKTeX 2.9\tex/latex/base\fontenc.sty"
Package: fontenc 2020/02/11 v2.0o Standard LaTeX package
)
("C:\Users\jcw\AppData\Local\Programs\MiKTeX 2.9\tex/latex/fontspec\fontspec.cf
g"))) ("C:\Users\jcw\AppData\Local\Programs\MiKTeX 2.9\tex/latex/xkeyval\xkeyva
l.sty"
Package: xkeyval 2014/12/03 v2.7a package option processing (HA)

("C:\Users\jcw\AppData\Local\Programs\MiKTeX 2.9\tex/generic/xkeyval\xkeyval.te
x"
("C:\Users\jcw\AppData\Local\Programs\MiKTeX 2.9\tex/generic/xkeyval\xkvutils.t
ex"
\XKV@toks=\toks39
\XKV@tempa@toks=\toks40
)
\XKV@depth=\count443
File: xkeyval.tex 2014/12/03 v2.7a key=value parser (HA)
))
\c@eu@=\count444
\c@eu@i=\count445
\c@mkern=\count446
) ("C:\Users\jcw\AppData\Local\Programs\MiKTeX 2.9\tex/latex/upquote\upquote.st
y"
Package: upquote 2012/04/19 v1.3 upright-quote and grave-accent glyphs in verba
tim
("C:\Users\jcw\AppData\Local\Programs\MiKTeX 2.9\tex/latex/base\textcomp.sty"
Package: textcomp 2020/02/02 v2.0n Standard LaTeX package
))
("C:\Users\jcw\AppData\Local\Programs\MiKTeX 2.9\tex/latex/microtype\microtype.
sty"
Package: microtype 2019/11/18 v2.7d Micro-typographical refinements (RS)
\MT@toks=\toks41
\MT@count=\count447
LaTeX Info: Redefining \textls on input line 790.
\MT@outer@kern=\dimen281
LaTeX Info: Redefining \textmicrotypecontext on input line 1354.
\MT@listname@count=\count448

("C:\Users\jcw\AppData\Local\Programs\MiKTeX 2.9\tex/latex/microtype\microtype-
xetex.def"
File: microtype-xetex.def 2019/11/18 v2.7d Definitions specific to xetex (RS)
LaTeX Info: Redefining \lsstyle on input line 258.
)
Package microtype Info: Loading configuration file microtype.cfg.

("C:\Users\jcw\AppData\Local\Programs\MiKTeX 2.9\tex/latex/microtype\microtype.
cfg"
File: microtype.cfg 2019/11/18 v2.7d microtype main configuration file (RS)
))
Package hyperref Info: Option `unicode' set `true' on input line 150.

("C:\Users\jcw\AppData\Local\Programs\MiKTeX 2.9\tex/generic/stringenc\se-ascii
-print.def"
File: se-ascii-print.def 2019/11/29 v1.12 stringenc: Printable ASCII characters

)
Package hyperref Info: Option `breaklinks' set `true' on input line 150.

("C:\Users\jcw\AppData\Local\Programs\MiKTeX 2.9\tex/latex/fancyvrb\fancyvrb.st
y"
Package: fancyvrb 2020/05/03 v3.6 verbatim text (tvz,hv)
\FV@CodeLineNo=\count449
\FV@InFile=\read5
\FV@TabBox=\box69
\c@FancyVerbLine=\count450
\FV@StepNumber=\count451
\FV@OutFile=\write7
) ("C:\Users\jcw\AppData\Local\Programs\MiKTeX 2.9\tex/latex/framed\framed.sty"
Package: framed 2011/10/22 v 0.96: framed or shaded text with page breaks
\OuterFrameSep=\skip91
\fb@frw=\dimen282
\fb@frh=\dimen283
\FrameRule=\dimen284
\FrameSep=\dimen285
) ("C:\Users\jcw\AppData\Local\Programs\MiKTeX 2.9\tex/latex/grffile\grffile.st
y"
Package: grffile 2019/11/11 v2.1 Extended file name support for graphics (legac
y)
Package grffile Info: This package is an empty stub for compatibility on input 
line 40.
) ("C:\Users\jcw\AppData\Local\Programs\MiKTeX 2.9\tex/latex/parskip\parskip.st
y"
Package: parskip 2020-06-15 v2.0f non-zero parskip adjustments
)
\@quotelevel=\count452
\@quotereset=\count453
(paper.aux)
\openout1 = `paper.aux'.

LaTeX Font Info:    Checking defaults for OML/cmm/m/it on input line 232.
LaTeX Font Info:    ... okay on input line 232.
LaTeX Font Info:    Checking defaults for OMS/cmsy/m/n on input line 232.
LaTeX Font Info:    ... okay on input line 232.
LaTeX Font Info:    Checking defaults for OT1/cmr/m/n on input line 232.
LaTeX Font Info:    ... okay on input line 232.
LaTeX Font Info:    Checking defaults for T1/cmr/m/n on input line 232.
LaTeX Font Info:    ... okay on input line 232.
LaTeX Font Info:    Checking defaults for TS1/cmr/m/n on input line 232.
LaTeX Font Info:    Trying to load font information for TS1+cmr on input line 2
32.
("C:\Users\jcw\AppData\Local\Programs\MiKTeX 2.9\tex/latex/base\ts1cmr.fd"
File: ts1cmr.fd 2019/12/16 v2.5j Standard LaTeX font definitions
)
LaTeX Font Info:    ... okay on input line 232.
LaTeX Font Info:    Checking defaults for TU/lmr/m/n on input line 232.
LaTeX Font Info:    ... okay on input line 232.
LaTeX Font Info:    Checking defaults for OMX/cmex/m/n on input line 232.
LaTeX Font Info:    ... okay on input line 232.
LaTeX Font Info:    Checking defaults for U/cmr/m/n on input line 232.
LaTeX Font Info:    ... okay on input line 232.
LaTeX Font Info:    Checking defaults for PD1/pdf/m/n on input line 232.
LaTeX Font Info:    ... okay on input line 232.
LaTeX Font Info:    Checking defaults for PU/pdf/m/n on input line 232.
LaTeX Font Info:    ... okay on input line 232.
ABD: EveryShipout initializing macros
\AtBeginShipoutBox=\box70
Package hyperref Info: Link coloring ON on input line 232.
("C:\Users\jcw\AppData\Local\Programs\MiKTeX 2.9\tex/latex/hyperref\nameref.sty
"
Package: nameref 2019/09/16 v2.46 Cross-referencing by name of section

("C:\Users\jcw\AppData\Local\Programs\MiKTeX 2.9\tex/latex/refcount\refcount.st
y"
Package: refcount 2019/12/15 v3.6 Data extraction from label references (HO)
)
("C:\Users\jcw\AppData\Local\Programs\MiKTeX 2.9\tex/generic/gettitlestring\get
titlestring.sty"
Package: gettitlestring 2019/12/15 v1.6 Cleanup title references (HO)
)
\c@section@level=\count454
)
LaTeX Info: Redefining \ref on input line 232.
LaTeX Info: Redefining \pageref on input line 232.
LaTeX Info: Redefining \nameref on input line 232.
(paper.out) (paper.out)
\@outlinefile=\write8
\openout8 = `paper.out'.

Package caption Info: Begin \AtBeginDocument code.
Package caption Info: End \AtBeginDocument code.
Package biblatex Info: Trying to load language 'english'...
Package biblatex Info: ... file 'english.lbx' found.

("C:\Users\jcw\AppData\Local\Programs\MiKTeX 2.9\tex/latex/biblatex/lbx\english
.lbx"
File: english.lbx 2020/08/23 v3.15a biblatex localization (PK/MW)
)
Package biblatex Info: XeTeX detected.
(biblatex)             Assuming input encoding 'utf8'.
Package biblatex Info: Automatic encoding selection.
(biblatex)             Assuming data encoding 'utf8'.
\openout6 = `paper.bcf'.

Package biblatex Info: Trying to load bibliographic data...
Package biblatex Info: ... file 'paper.bbl' not found.
No file paper.bbl.
Package biblatex Info: Reference section=0 on input line 232.
Package biblatex Info: Reference segment=0 on input line 232.
*geometry* detected driver: pdftex
*geometry* verbose mode - [ preamble ] result:
* driver: pdftex
* paper: a4paper
* layout: <same size as paper>
* layoutoffset:(h,v)=(0.0pt,0.0pt)
* modes: includemp 
* h-part:(L,W,R)=(28.45274pt, 526.376pt, 42.67912pt)
* v-part:(T,H,B)=(99.58464pt, 660.10394pt, 85.35826pt)
* \paperwidth=597.50787pt
* \paperheight=845.04684pt
* \textwidth=387.33861pt
* \textheight=660.10394pt
* \oddsidemargin=95.22015pt
* \evensidemargin=95.22015pt
* \topmargin=-60.28131pt
* \headheight=62.59596pt
* \headsep=25.0pt
* \topskip=10.0pt
* \footskip=30.0pt
* \marginparwidth=128.0374pt
* \marginparsep=11.0pt
* \columnsep=10.0pt
* \skip\footins=9.0pt plus 4.0pt minus 2.0pt
* \hoffset=0.0pt
* \voffset=0.0pt
* \mag=1000
* \@twocolumnfalse
* \@twosidefalse
* \@mparswitchfalse
* \@reversemargintrue
* (1in=72.27pt=25.4mm, 1cm=28.453pt)

LaTeX Info: Redefining \microtypecontext on input line 232.
Package microtype Info: Character protrusion enabled (level 2).
Package microtype Info: Using protrusion set `basicmath'.
Package microtype Info: No adjustment of tracking.
Package microtype Info: No adjustment of spacing.
Package microtype Info: No adjustment of kerning.

("C:\Users\jcw\AppData\Local\Programs\MiKTeX 2.9\tex/latex/microtype\mt-LatinMo
dernRoman.cfg"
File: mt-LatinModernRoman.cfg 2013/03/13 v1.0 microtype config. file: Latin Mod
ern Roman (RS)
)
Package microtype Info: Loading generic protrusion settings for font family
(microtype)             `lmss' (encoding: TU).
(microtype)             For optimal results, create family-specific settings.
(microtype)             See the microtype manual for details.
("C:\Users\jcw\AppData\Local\Programs\MiKTeX 2.9\tex/latex/microtype\mt-cmr.cfg
"
File: mt-cmr.cfg 2013/05/19 v2.2 microtype config. file: Computer Modern Roman 
(RS)
)
LaTeX Font Info:    Trying to load font information for U+msa on input line 233
.
("C:\Users\jcw\AppData\Local\Programs\MiKTeX 2.9\tex/latex/amsfonts\umsa.fd"
File: umsa.fd 2013/01/14 v3.01 AMS symbols A
) ("C:\Users\jcw\AppData\Local\Programs\MiKTeX 2.9\tex/latex/microtype\mt-msa.c
fg"
File: mt-msa.cfg 2006/02/04 v1.1 microtype config. file: AMS symbols (a) (RS)
)
LaTeX Font Info:    Trying to load font information for U+msb on input line 233
.
("C:\Users\jcw\AppData\Local\Programs\MiKTeX 2.9\tex/latex/amsfonts\umsb.fd"
File: umsb.fd 2013/01/14 v3.01 AMS symbols B
) ("C:\Users\jcw\AppData\Local\Programs\MiKTeX 2.9\tex/latex/microtype\mt-msb.c
fg"
File: mt-msb.cfg 2005/06/01 v1.0 microtype config. file: AMS symbols (b) (RS)
)

Package hyperref Warning: Suppressing link with empty target on input line 259.



Package hyperref Warning: Suppressing link with empty target on input line 259.



Package hyperref Warning: Suppressing link with empty target on input line 259.


File: C:/Users/jcw/Documents/R/win-library/4.0/rticles/rmarkdown/templates/joss
/resources/JOSS-logo.png Graphic file (type bmp)
<C:/Users/jcw/Documents/R/win-library/4.0/rticles/rmarkdown/templates/joss/reso
urces/JOSS-logo.png>

Package Fancyhdr Warning: \headheight is too small (62.59596pt): 
Make it at least 62.60347pt.
We now make it that large for the rest of the document.
This may cause the page layout to be inconsistent, however.

LaTeX Font Info:    Font shape `TU/lmss/m/it' in size <8> not available
(Font)              Font shape `TU/lmss/m/sl' tried instead on input line 324.
[1

]
LaTeX Font Info:    Font shape `TU/lmtt/bx/n' in size <10> not available
(Font)              Font shape `TU/lmtt/b/n' tried instead on input line 343.
File: paper_files/figure-latex/unnamed-chunk-3-1.pdf Graphic file (type pdf)
<use paper_files/figure-latex/unnamed-chunk-3-1.pdf>
File: C:/Users/jcw/Documents/R/win-library/4.0/rticles/rmarkdown/templates/joss
/resources/JOSS-logo.png Graphic file (type bmp)
<C:/Users/jcw/Documents/R/win-library/4.0/rticles/rmarkdown/templates/joss/reso
urces/JOSS-logo.png>
[2]
File: paper_files/figure-latex/unnamed-chunk-4-1.pdf Graphic file (type pdf)
<use paper_files/figure-latex/unnamed-chunk-4-1.pdf>
File: C:/Users/jcw/Documents/R/win-library/4.0/rticles/rmarkdown/templates/joss
/resources/JOSS-logo.png Graphic file (type bmp)
<C:/Users/jcw/Documents/R/win-library/4.0/rticles/rmarkdown/templates/joss/reso
urces/JOSS-logo.png>
[3]
Underfull \hbox (badness 1237) in paragraph at lines 446--449
[][]\TU/lmr/m/n/10 Bell, Brad. 2005. “CppAD: A Package for C++ Algorithmic Diff
erentiation.”
 []

File: C:/Users/jcw/Documents/R/win-library/4.0/rticles/rmarkdown/templates/joss
/resources/JOSS-logo.png Graphic file (type bmp)
<C:/Users/jcw/Documents/R/win-library/4.0/rticles/rmarkdown/templates/joss/reso
urces/JOSS-logo.png>
[4]
Overfull \hbox (7.65742pt too wide) in paragraph at lines 454--457
[][]\TU/lmr/m/n/10 Guennebaud, Gaël, Benoît Jacob, and others. 2010. “Eigen V3.
” http://eigen.tuxfamily.org. 
 []

File: C:/Users/jcw/Documents/R/win-library/4.0/rticles/rmarkdown/templates/joss
/resources/JOSS-logo.png Graphic file (type bmp)
<C:/Users/jcw/Documents/R/win-library/4.0/rticles/rmarkdown/templates/joss/reso
urces/JOSS-logo.png>
[5]
Package atveryend Info: Empty hook `BeforeClearDocument' on input line 507.
Package atveryend Info: Empty hook `AfterLastShipout' on input line 507.
(paper.aux)
Package atveryend Info: Empty hook `AtVeryEndDocument' on input line 507.
Package atveryend Info: Executing hook `AtEndAfterFileList' on input line 507.
Package rerunfilecheck Info: File `paper.out' has not changed.
(rerunfilecheck)             Checksum: 66282D9266381654AED5494374CA03F2;241.
Package logreq Info: Writing requests to 'paper.run.xml'.
\openout1 = `paper.run.xml'.

 ) 
Here is how much of TeX's memory you used:
 35487 strings out of 414448
 698146 string characters out of 2901471
 1448687 words of memory out of 3000000
 52220 multiletter control sequences out of 15000+200000
 544733 words of font info for 88 fonts, out of 3000000 for 9000
 1348 hyphenation exceptions out of 8191
 60i,13n,75p,1196b,800s stack positions out of 5000i,500n,10000p,200000b,50000s

Output written on paper.pdf (5 pages).
